<?xml version="1.0" encoding="UTF-8"?>
<robot generator="Robot 7.3.2 (Python 3.14.0 on win32)" generated="2025-12-04T16:15:23.101488" rpa="false" schemaversion="5">
<suite id="s1" name="Teste" source="C:\Users\Acer\Documents\GitHub\flask-filmes\teste.robot">
<test id="s1-t1" name="Cadastro e Uso da IA" line="10">
<kw name="Abrir o Site">
<kw name="Open Browser" owner="SeleniumLibrary">
<msg time="2025-12-04T16:15:23.573115" level="INFO">Opening browser 'Chrome' to base url 'http://127.0.0.1:5000'.</msg>
<arg>${URL}</arg>
<arg>${BROWSER}</arg>
<doc>Opens a new browser instance to the optional ``url``.</doc>
<status status="PASS" start="2025-12-04T16:15:23.572691" elapsed="1.874491"/>
</kw>
<kw name="Maximize Browser Window" owner="SeleniumLibrary">
<doc>Maximizes current browser window.</doc>
<status status="PASS" start="2025-12-04T16:15:25.447760" elapsed="0.047937"/>
</kw>
<kw name="Set Selenium Speed" owner="SeleniumLibrary">
<arg>0.5 seconds</arg>
<doc>Sets the delay that is waited after each Selenium command.</doc>
<status status="PASS" start="2025-12-04T16:15:25.496124" elapsed="0.000625"/>
</kw>
<status status="PASS" start="2025-12-04T16:15:23.571442" elapsed="1.925567"/>
</kw>
<kw name="Fazer Cadastro">
<kw name="Generate Random String" owner="String">
<msg time="2025-12-04T16:15:25.499191" level="INFO">${RANDOM_STRING} = zefwr</msg>
<var>${RANDOM_STRING}</var>
<arg>5</arg>
<arg>[LOWER]</arg>
<doc>Generates a string with a desired ``length`` from the given ``chars``.</doc>
<status status="PASS" start="2025-12-04T16:15:25.498555" elapsed="0.000742"/>
</kw>
<kw name="Set Variable" owner="BuiltIn">
<msg time="2025-12-04T16:15:25.500091" level="INFO">${EMAIL_TESTE} = robo_zefwr@teste.com</msg>
<var>${EMAIL_TESTE}</var>
<arg>robo_${RANDOM_STRING}@teste.com</arg>
<doc>Returns the given values which can then be assigned to a variables.</doc>
<status status="PASS" start="2025-12-04T16:15:25.499629" elapsed="0.000559"/>
</kw>
<kw name="Input Text" owner="SeleniumLibrary">
<msg time="2025-12-04T16:15:25.501307" level="INFO">Typing text 'Robo Framework' into text field 'name=nome'.</msg>
<arg>name=nome</arg>
<arg>Robo Framework</arg>
<doc>Types the given ``text`` into the text field identified by ``locator``.</doc>
<status status="PASS" start="2025-12-04T16:15:25.500497" elapsed="1.781718"/>
</kw>
<kw name="Input Text" owner="SeleniumLibrary">
<msg time="2025-12-04T16:15:27.283567" level="INFO">Typing text 'robo_zefwr@teste.com' into text field 'name=email'.</msg>
<arg>name=email</arg>
<arg>${EMAIL_TESTE}</arg>
<doc>Types the given ``text`` into the text field identified by ``locator``.</doc>
<status status="PASS" start="2025-12-04T16:15:27.282782" elapsed="1.714455"/>
</kw>
<kw name="Input Text" owner="SeleniumLibrary">
<msg time="2025-12-04T16:15:28.998002" level="INFO">Typing text '123456' into text field 'name=senha'.</msg>
<arg>name=senha</arg>
<arg>123456</arg>
<doc>Types the given ``text`` into the text field identified by ``locator``.</doc>
<status status="PASS" start="2025-12-04T16:15:28.997593" elapsed="1.742025"/>
</kw>
<kw name="Click Button" owner="SeleniumLibrary">
<msg time="2025-12-04T16:15:30.741737" level="INFO">Clicking button 'xpath=//button'.</msg>
<arg>xpath=//button</arg>
<doc>Clicks the button identified by ``locator``.</doc>
<status status="PASS" start="2025-12-04T16:15:30.740622" elapsed="2.840431"/>
</kw>
<status status="PASS" start="2025-12-04T16:15:25.497823" elapsed="8.083468"/>
</kw>
<kw name="Verificar se Entrou no Dashboard">
<kw name="Wait Until Location Contains" owner="SeleniumLibrary">
<arg>dashboard</arg>
<arg>timeout=5s</arg>
<doc>Waits until the current URL contains ``expected``.</doc>
<status status="PASS" start="2025-12-04T16:15:33.582461" elapsed="0.510813"/>
</kw>
<kw name="Page Should Contain" owner="SeleniumLibrary">
<msg time="2025-12-04T16:15:36.837988" level="INFO" html="true">&lt;/td&gt;&lt;/tr&gt;&lt;tr&gt;&lt;td colspan="3"&gt;&lt;a href="selenium-screenshot-2.png"&gt;&lt;img src="selenium-screenshot-2.png" width="800px"&gt;&lt;/a&gt;</msg>
<msg time="2025-12-04T16:15:36.839226" level="FAIL">Page should have contained text 'O que você quer ouvir hoje?' but did not.</msg>
<arg>O que você quer ouvir hoje?</arg>
<doc>Verifies that current page contains ``text``.</doc>
<status status="FAIL" start="2025-12-04T16:15:34.094246" elapsed="2.758133">Page should have contained text 'O que você quer ouvir hoje?' but did not.</status>
</kw>
<status status="FAIL" start="2025-12-04T16:15:33.581850" elapsed="3.271273">Page should have contained text 'O que você quer ouvir hoje?' but did not.</status>
</kw>
<kw name="Pedir Recomendacao Musical">
<status status="NOT RUN" start="2025-12-04T16:15:36.854518" elapsed="0.000241"/>
</kw>
<kw name="Close Browser" owner="SeleniumLibrary" type="TEARDOWN">
<doc>Closes the current browser.</doc>
<status status="PASS" start="2025-12-04T16:15:36.856460" elapsed="2.791290"/>
</kw>
<doc>Testa o fluxo completo do Mooflix</doc>
<status status="FAIL" start="2025-12-04T16:15:23.570137" elapsed="16.078735">Page should have contained text 'O que você quer ouvir hoje?' but did not.</status>
</test>
<status status="FAIL" start="2025-12-04T16:15:23.103993" elapsed="16.549556"/>
</suite>
<statistics>
<total>
<stat pass="0" fail="1" skip="0">All Tests</stat>
</total>
<tag>
</tag>
<suite>
<stat name="Teste" id="s1" pass="0" fail="1" skip="0">Teste</stat>
</suite>
</statistics>
<errors>
</errors>
</robot>
